2024-01-13 12:16:03,026 [Worker-6: Loading available Gradle versions] INFO  o.e.b.c.i.u.g.PublishedGradleVersions - Gradle version information cache is up-to-date. Trying to read.
2024-01-13 13:06:11,723 [Worker-41: Launching mavenrun-e7b43ccb-0e3a-4d5a-8a09-d37ca78cabd5] INFO  o.eclipse.m2e.core.internal.Bundles - getClasspathEntries(Bundle=org.eclipse.m2e.maven.runtime_3.9.500.20231113-2345 [626])
2024-01-13 13:06:11,726 [Worker-41: Launching mavenrun-e7b43ccb-0e3a-4d5a-8a09-d37ca78cabd5] INFO  o.eclipse.m2e.core.internal.Bundles - 	Entry: C:\Users\DCP\.p2\pool\plugins\org.eclipse.m2e.maven.runtime_3.9.500.20231113-2345
2024-01-13 13:06:11,727 [Worker-41: Launching mavenrun-e7b43ccb-0e3a-4d5a-8a09-d37ca78cabd5] INFO  o.eclipse.m2e.core.internal.Bundles - 	Entry: C:\Users\DCP\.p2\pool\plugins\org.eclipse.m2e.maven.runtime_3.9.500.20231113-2345\jars\aopalliance-1.0.jar
2024-01-13 13:06:11,727 [Worker-41: Launching mavenrun-e7b43ccb-0e3a-4d5a-8a09-d37ca78cabd5] INFO  o.eclipse.m2e.core.internal.Bundles - 	Entry: C:\Users\DCP\.p2\pool\plugins\org.eclipse.m2e.maven.runtime_3.9.500.20231113-2345\jars\guice-5.1.0.jar
2024-01-13 13:06:11,727 [Worker-41: Launching mavenrun-e7b43ccb-0e3a-4d5a-8a09-d37ca78cabd5] INFO  o.eclipse.m2e.core.internal.Bundles - 	Entry: C:\Users\DCP\.p2\pool\plugins\org.eclipse.m2e.maven.runtime_3.9.500.20231113-2345\jars\httpclient-4.5.14.jar
2024-01-13 13:06:11,728 [Worker-41: Launching mavenrun-e7b43ccb-0e3a-4d5a-8a09-d37ca78cabd5] INFO  o.eclipse.m2e.core.internal.Bundles - 	Entry: C:\Users\DCP\.p2\pool\plugins\org.eclipse.m2e.maven.runtime_3.9.500.20231113-2345\jars\httpcore-4.4.16.jar
2024-01-13 13:06:11,728 [Worker-41: Launching mavenrun-e7b43ccb-0e3a-4d5a-8a09-d37ca78cabd5] INFO  o.eclipse.m2e.core.internal.Bundles - 	Entry: C:\Users\DCP\.p2\pool\plugins\org.eclipse.m2e.maven.runtime_3.9.500.20231113-2345\jars\jansi-2.4.0.jar
2024-01-13 13:06:11,728 [Worker-41: Launching mavenrun-e7b43ccb-0e3a-4d5a-8a09-d37ca78cabd5] INFO  o.eclipse.m2e.core.internal.Bundles - 	Entry: C:\Users\DCP\.p2\pool\plugins\org.eclipse.m2e.maven.runtime_3.9.500.20231113-2345\jars\jcl-over-slf4j-1.7.36.jar
2024-01-13 13:06:11,728 [Worker-41: Launching mavenrun-e7b43ccb-0e3a-4d5a-8a09-d37ca78cabd5] INFO  o.eclipse.m2e.core.internal.Bundles - 	Entry: C:\Users\DCP\.p2\pool\plugins\org.eclipse.m2e.maven.runtime_3.9.500.20231113-2345\jars\maven-artifact-3.9.5.jar
2024-01-13 13:06:11,728 [Worker-41: Launching mavenrun-e7b43ccb-0e3a-4d5a-8a09-d37ca78cabd5] INFO  o.eclipse.m2e.core.internal.Bundles - 	Entry: C:\Users\DCP\.p2\pool\plugins\org.eclipse.m2e.maven.runtime_3.9.500.20231113-2345\jars\maven-builder-support-3.9.5.jar
2024-01-13 13:06:11,728 [Worker-41: Launching mavenrun-e7b43ccb-0e3a-4d5a-8a09-d37ca78cabd5] INFO  o.eclipse.m2e.core.internal.Bundles - 	Entry: C:\Users\DCP\.p2\pool\plugins\org.eclipse.m2e.maven.runtime_3.9.500.20231113-2345\jars\maven-compat-3.9.5.jar
2024-01-13 13:06:11,728 [Worker-41: Launching mavenrun-e7b43ccb-0e3a-4d5a-8a09-d37ca78cabd5] INFO  o.eclipse.m2e.core.internal.Bundles - 	Entry: C:\Users\DCP\.p2\pool\plugins\org.eclipse.m2e.maven.runtime_3.9.500.20231113-2345\jars\maven-core-3.9.5.jar
2024-01-13 13:06:11,728 [Worker-41: Launching mavenrun-e7b43ccb-0e3a-4d5a-8a09-d37ca78cabd5] INFO  o.eclipse.m2e.core.internal.Bundles - 	Entry: C:\Users\DCP\.p2\pool\plugins\org.eclipse.m2e.maven.runtime_3.9.500.20231113-2345\jars\maven-embedder-3.9.5.jar
2024-01-13 13:06:11,729 [Worker-41: Launching mavenrun-e7b43ccb-0e3a-4d5a-8a09-d37ca78cabd5] INFO  o.eclipse.m2e.core.internal.Bundles - 	Entry: C:\Users\DCP\.p2\pool\plugins\org.eclipse.m2e.maven.runtime_3.9.500.20231113-2345\jars\maven-model-3.9.5.jar
2024-01-13 13:06:11,729 [Worker-41: Launching mavenrun-e7b43ccb-0e3a-4d5a-8a09-d37ca78cabd5] INFO  o.eclipse.m2e.core.internal.Bundles - 	Entry: C:\Users\DCP\.p2\pool\plugins\org.eclipse.m2e.maven.runtime_3.9.500.20231113-2345\jars\maven-model-builder-3.9.5.jar
2024-01-13 13:06:11,729 [Worker-41: Launching mavenrun-e7b43ccb-0e3a-4d5a-8a09-d37ca78cabd5] INFO  o.eclipse.m2e.core.internal.Bundles - 	Entry: C:\Users\DCP\.p2\pool\plugins\org.eclipse.m2e.maven.runtime_3.9.500.20231113-2345\jars\maven-plugin-api-3.9.5.jar
2024-01-13 13:06:11,729 [Worker-41: Launching mavenrun-e7b43ccb-0e3a-4d5a-8a09-d37ca78cabd5] INFO  o.eclipse.m2e.core.internal.Bundles - 	Entry: C:\Users\DCP\.p2\pool\plugins\org.eclipse.m2e.maven.runtime_3.9.500.20231113-2345\jars\maven-repository-metadata-3.9.5.jar
2024-01-13 13:06:11,729 [Worker-41: Launching mavenrun-e7b43ccb-0e3a-4d5a-8a09-d37ca78cabd5] INFO  o.eclipse.m2e.core.internal.Bundles - 	Entry: C:\Users\DCP\.p2\pool\plugins\org.eclipse.m2e.maven.runtime_3.9.500.20231113-2345\jars\maven-resolver-api-1.9.16.jar
2024-01-13 13:06:11,729 [Worker-41: Launching mavenrun-e7b43ccb-0e3a-4d5a-8a09-d37ca78cabd5] INFO  o.eclipse.m2e.core.internal.Bundles - 	Entry: C:\Users\DCP\.p2\pool\plugins\org.eclipse.m2e.maven.runtime_3.9.500.20231113-2345\jars\maven-resolver-connector-basic-1.9.16.jar
2024-01-13 13:06:11,729 [Worker-41: Launching mavenrun-e7b43ccb-0e3a-4d5a-8a09-d37ca78cabd5] INFO  o.eclipse.m2e.core.internal.Bundles - 	Entry: C:\Users\DCP\.p2\pool\plugins\org.eclipse.m2e.maven.runtime_3.9.500.20231113-2345\jars\maven-resolver-impl-1.9.16.jar
2024-01-13 13:06:11,729 [Worker-41: Launching mavenrun-e7b43ccb-0e3a-4d5a-8a09-d37ca78cabd5] INFO  o.eclipse.m2e.core.internal.Bundles - 	Entry: C:\Users\DCP\.p2\pool\plugins\org.eclipse.m2e.maven.runtime_3.9.500.20231113-2345\jars\maven-resolver-named-locks-1.9.16.jar
2024-01-13 13:06:11,730 [Worker-41: Launching mavenrun-e7b43ccb-0e3a-4d5a-8a09-d37ca78cabd5] INFO  o.eclipse.m2e.core.internal.Bundles - 	Entry: C:\Users\DCP\.p2\pool\plugins\org.eclipse.m2e.maven.runtime_3.9.500.20231113-2345\jars\maven-resolver-provider-3.9.5.jar
2024-01-13 13:06:11,730 [Worker-41: Launching mavenrun-e7b43ccb-0e3a-4d5a-8a09-d37ca78cabd5] INFO  o.eclipse.m2e.core.internal.Bundles - 	Entry: C:\Users\DCP\.p2\pool\plugins\org.eclipse.m2e.maven.runtime_3.9.500.20231113-2345\jars\maven-resolver-spi-1.9.16.jar
2024-01-13 13:06:11,730 [Worker-41: Launching mavenrun-e7b43ccb-0e3a-4d5a-8a09-d37ca78cabd5] INFO  o.eclipse.m2e.core.internal.Bundles - 	Entry: C:\Users\DCP\.p2\pool\plugins\org.eclipse.m2e.maven.runtime_3.9.500.20231113-2345\jars\maven-resolver-transport-file-1.9.16.jar
2024-01-13 13:06:11,730 [Worker-41: Launching mavenrun-e7b43ccb-0e3a-4d5a-8a09-d37ca78cabd5] INFO  o.eclipse.m2e.core.internal.Bundles - 	Entry: C:\Users\DCP\.p2\pool\plugins\org.eclipse.m2e.maven.runtime_3.9.500.20231113-2345\jars\maven-resolver-transport-http-1.9.16.jar
2024-01-13 13:06:11,730 [Worker-41: Launching mavenrun-e7b43ccb-0e3a-4d5a-8a09-d37ca78cabd5] INFO  o.eclipse.m2e.core.internal.Bundles - 	Entry: C:\Users\DCP\.p2\pool\plugins\org.eclipse.m2e.maven.runtime_3.9.500.20231113-2345\jars\maven-resolver-transport-wagon-1.9.16.jar
2024-01-13 13:06:11,730 [Worker-41: Launching mavenrun-e7b43ccb-0e3a-4d5a-8a09-d37ca78cabd5] INFO  o.eclipse.m2e.core.internal.Bundles - 	Entry: C:\Users\DCP\.p2\pool\plugins\org.eclipse.m2e.maven.runtime_3.9.500.20231113-2345\jars\maven-resolver-util-1.9.16.jar
2024-01-13 13:06:11,731 [Worker-41: Launching mavenrun-e7b43ccb-0e3a-4d5a-8a09-d37ca78cabd5] INFO  o.eclipse.m2e.core.internal.Bundles - 	Entry: C:\Users\DCP\.p2\pool\plugins\org.eclipse.m2e.maven.runtime_3.9.500.20231113-2345\jars\maven-settings-3.9.5.jar
2024-01-13 13:06:11,731 [Worker-41: Launching mavenrun-e7b43ccb-0e3a-4d5a-8a09-d37ca78cabd5] INFO  o.eclipse.m2e.core.internal.Bundles - 	Entry: C:\Users\DCP\.p2\pool\plugins\org.eclipse.m2e.maven.runtime_3.9.500.20231113-2345\jars\maven-settings-builder-3.9.5.jar
2024-01-13 13:06:11,731 [Worker-41: Launching mavenrun-e7b43ccb-0e3a-4d5a-8a09-d37ca78cabd5] INFO  o.eclipse.m2e.core.internal.Bundles - 	Entry: C:\Users\DCP\.p2\pool\plugins\org.eclipse.m2e.maven.runtime_3.9.500.20231113-2345\jars\maven-shared-utils-3.3.4.jar
2024-01-13 13:06:11,731 [Worker-41: Launching mavenrun-e7b43ccb-0e3a-4d5a-8a09-d37ca78cabd5] INFO  o.eclipse.m2e.core.internal.Bundles - 	Entry: C:\Users\DCP\.p2\pool\plugins\org.eclipse.m2e.maven.runtime_3.9.500.20231113-2345\jars\org.eclipse.sisu.inject-0.3.5.jar
2024-01-13 13:06:11,731 [Worker-41: Launching mavenrun-e7b43ccb-0e3a-4d5a-8a09-d37ca78cabd5] INFO  o.eclipse.m2e.core.internal.Bundles - 	Entry: C:\Users\DCP\.p2\pool\plugins\org.eclipse.m2e.maven.runtime_3.9.500.20231113-2345\jars\org.eclipse.sisu.plexus-0.3.5.jar
2024-01-13 13:06:11,731 [Worker-41: Launching mavenrun-e7b43ccb-0e3a-4d5a-8a09-d37ca78cabd5] INFO  o.eclipse.m2e.core.internal.Bundles - 	Entry: C:\Users\DCP\.p2\pool\plugins\org.eclipse.m2e.maven.runtime_3.9.500.20231113-2345\jars\plexus-build-api-0.0.7.jar
2024-01-13 13:06:11,731 [Worker-41: Launching mavenrun-e7b43ccb-0e3a-4d5a-8a09-d37ca78cabd5] INFO  o.eclipse.m2e.core.internal.Bundles - 	Entry: C:\Users\DCP\.p2\pool\plugins\org.eclipse.m2e.maven.runtime_3.9.500.20231113-2345\jars\plexus-cipher-2.0.jar
2024-01-13 13:06:11,732 [Worker-41: Launching mavenrun-e7b43ccb-0e3a-4d5a-8a09-d37ca78cabd5] INFO  o.eclipse.m2e.core.internal.Bundles - 	Entry: C:\Users\DCP\.p2\pool\plugins\org.eclipse.m2e.maven.runtime_3.9.500.20231113-2345\jars\plexus-classworlds-2.7.0.jar
2024-01-13 13:06:11,732 [Worker-41: Launching mavenrun-e7b43ccb-0e3a-4d5a-8a09-d37ca78cabd5] INFO  o.eclipse.m2e.core.internal.Bundles - 	Entry: C:\Users\DCP\.p2\pool\plugins\org.eclipse.m2e.maven.runtime_3.9.500.20231113-2345\jars\plexus-component-annotations-2.1.0.jar
2024-01-13 13:06:11,732 [Worker-41: Launching mavenrun-e7b43ccb-0e3a-4d5a-8a09-d37ca78cabd5] INFO  o.eclipse.m2e.core.internal.Bundles - 	Entry: C:\Users\DCP\.p2\pool\plugins\org.eclipse.m2e.maven.runtime_3.9.500.20231113-2345\jars\plexus-interpolation-1.26.jar
2024-01-13 13:06:11,732 [Worker-41: Launching mavenrun-e7b43ccb-0e3a-4d5a-8a09-d37ca78cabd5] INFO  o.eclipse.m2e.core.internal.Bundles - 	Entry: C:\Users\DCP\.p2\pool\plugins\org.eclipse.m2e.maven.runtime_3.9.500.20231113-2345\jars\plexus-sec-dispatcher-2.0.jar
2024-01-13 13:06:11,732 [Worker-41: Launching mavenrun-e7b43ccb-0e3a-4d5a-8a09-d37ca78cabd5] INFO  o.eclipse.m2e.core.internal.Bundles - 	Entry: C:\Users\DCP\.p2\pool\plugins\org.eclipse.m2e.maven.runtime_3.9.500.20231113-2345\jars\plexus-utils-3.5.1.jar
2024-01-13 13:06:11,732 [Worker-41: Launching mavenrun-e7b43ccb-0e3a-4d5a-8a09-d37ca78cabd5] INFO  o.eclipse.m2e.core.internal.Bundles - 	Entry: C:\Users\DCP\.p2\pool\plugins\org.eclipse.m2e.maven.runtime_3.9.500.20231113-2345\jars\wagon-file-3.5.3.jar
2024-01-13 13:06:11,733 [Worker-41: Launching mavenrun-e7b43ccb-0e3a-4d5a-8a09-d37ca78cabd5] INFO  o.eclipse.m2e.core.internal.Bundles - 	Entry: C:\Users\DCP\.p2\pool\plugins\org.eclipse.m2e.maven.runtime_3.9.500.20231113-2345\jars\wagon-http-3.5.3.jar
2024-01-13 13:06:11,733 [Worker-41: Launching mavenrun-e7b43ccb-0e3a-4d5a-8a09-d37ca78cabd5] INFO  o.eclipse.m2e.core.internal.Bundles - 	Entry: C:\Users\DCP\.p2\pool\plugins\org.eclipse.m2e.maven.runtime_3.9.500.20231113-2345\jars\wagon-http-shared-3.5.3.jar
2024-01-13 13:06:11,733 [Worker-41: Launching mavenrun-e7b43ccb-0e3a-4d5a-8a09-d37ca78cabd5] INFO  o.eclipse.m2e.core.internal.Bundles - 	Entry: C:\Users\DCP\.p2\pool\plugins\org.eclipse.m2e.maven.runtime_3.9.500.20231113-2345\jars\wagon-provider-api-3.5.3.jar
2024-01-13 13:06:11,737 [Worker-41: Launching mavenrun-e7b43ccb-0e3a-4d5a-8a09-d37ca78cabd5] INFO  o.eclipse.m2e.core.internal.Bundles - getClasspathEntries(Bundle=com.google.guava_32.1.3.jre [12])
2024-01-13 13:06:11,737 [Worker-41: Launching mavenrun-e7b43ccb-0e3a-4d5a-8a09-d37ca78cabd5] INFO  o.eclipse.m2e.core.internal.Bundles - 	Entry: C:\Users\DCP\.p2\pool\plugins\com.google.guava_32.1.3.jre.jar
2024-01-13 13:06:11,737 [Worker-41: Launching mavenrun-e7b43ccb-0e3a-4d5a-8a09-d37ca78cabd5] INFO  o.eclipse.m2e.core.internal.Bundles - getClasspathEntries(Bundle=slf4j.api_2.0.9 [986])
2024-01-13 13:06:11,738 [Worker-41: Launching mavenrun-e7b43ccb-0e3a-4d5a-8a09-d37ca78cabd5] INFO  o.eclipse.m2e.core.internal.Bundles - 	Entry: C:\Users\DCP\.p2\pool\plugins\slf4j.api_2.0.9.jar
2024-01-13 13:06:11,738 [Worker-41: Launching mavenrun-e7b43ccb-0e3a-4d5a-8a09-d37ca78cabd5] INFO  o.eclipse.m2e.core.internal.Bundles - getClasspathEntries(Bundle=javax.inject_1.0.0.v20091030 [1007])
2024-01-13 13:06:11,738 [Worker-41: Launching mavenrun-e7b43ccb-0e3a-4d5a-8a09-d37ca78cabd5] INFO  o.eclipse.m2e.core.internal.Bundles - 	Entry: C:\Users\DCP\.p2\pool\plugins\javax.inject_1.0.0.v20091030.jar
2024-01-13 13:06:11,738 [Worker-41: Launching mavenrun-e7b43ccb-0e3a-4d5a-8a09-d37ca78cabd5] INFO  o.eclipse.m2e.core.internal.Bundles - getClasspathEntries(Bundle=javax.annotation_1.3.5.v20200909-1856 [1006])
2024-01-13 13:06:11,738 [Worker-41: Launching mavenrun-e7b43ccb-0e3a-4d5a-8a09-d37ca78cabd5] INFO  o.eclipse.m2e.core.internal.Bundles - 	Entry: C:\Users\DCP\.p2\pool\plugins\javax.annotation_1.3.5.v20200909-1856.jar
2024-01-13 13:06:11,738 [Worker-41: Launching mavenrun-e7b43ccb-0e3a-4d5a-8a09-d37ca78cabd5] INFO  o.eclipse.m2e.core.internal.Bundles - getClasspathEntries(Bundle=org.apache.commons.cli_1.6.0 [71])
2024-01-13 13:06:11,739 [Worker-41: Launching mavenrun-e7b43ccb-0e3a-4d5a-8a09-d37ca78cabd5] INFO  o.eclipse.m2e.core.internal.Bundles - 	Entry: C:\Users\DCP\.p2\pool\plugins\org.apache.commons.cli_1.6.0.jar
2024-01-13 13:06:11,739 [Worker-41: Launching mavenrun-e7b43ccb-0e3a-4d5a-8a09-d37ca78cabd5] INFO  o.eclipse.m2e.core.internal.Bundles - getClasspathEntries(Bundle=org.apache.commons.commons-codec_1.16.0 [75])
2024-01-13 13:06:11,739 [Worker-41: Launching mavenrun-e7b43ccb-0e3a-4d5a-8a09-d37ca78cabd5] INFO  o.eclipse.m2e.core.internal.Bundles - 	Entry: C:\Users\DCP\.p2\pool\plugins\org.apache.commons.commons-codec_1.16.0.jar
2024-01-13 13:06:11,739 [Worker-41: Launching mavenrun-e7b43ccb-0e3a-4d5a-8a09-d37ca78cabd5] INFO  o.eclipse.m2e.core.internal.Bundles - getClasspathEntries(Bundle=org.apache.commons.lang3_3.13.0 [82])
2024-01-13 13:06:11,739 [Worker-41: Launching mavenrun-e7b43ccb-0e3a-4d5a-8a09-d37ca78cabd5] INFO  o.eclipse.m2e.core.internal.Bundles - 	Entry: C:\Users\DCP\.p2\pool\plugins\org.apache.commons.lang3_3.13.0.jar
2024-01-13 13:06:11,740 [Worker-41: Launching mavenrun-e7b43ccb-0e3a-4d5a-8a09-d37ca78cabd5] INFO  o.eclipse.m2e.core.internal.Bundles - getClasspathEntries(Bundle=com.google.guava.failureaccess_1.0.2 [13])
2024-01-13 13:06:11,740 [Worker-41: Launching mavenrun-e7b43ccb-0e3a-4d5a-8a09-d37ca78cabd5] INFO  o.eclipse.m2e.core.internal.Bundles - 	Entry: C:\Users\DCP\.p2\pool\plugins\com.google.guava.failureaccess_1.0.2.jar
2024-01-13 13:06:11,745 [Worker-41: Launching mavenrun-e7b43ccb-0e3a-4d5a-8a09-d37ca78cabd5] INFO  o.e.m.i.launch.MavenLaunchDelegate - Run build in "C:\Users\DCP\AppData\Local\Temp\m2e-archetypeGenerator14054757499450153080":
2024-01-13 13:06:11,753 [Worker-41: Launching mavenrun-e7b43ccb-0e3a-4d5a-8a09-d37ca78cabd5] INFO  o.e.m.i.launch.MavenLaunchDelegate -  mvn  -DarchetypeGroupId=org.apache.maven.archetypes -DarchetypeArtifactId=maven-archetype-quickstart -DarchetypeVersion=1.1 -DgroupId=hibernate -DartifactId=hibernate -Dversion=0.0.1-SNAPSHOT -Dpackage=hibernate.hibernate -DoutputDirectory=C:\Users\DCP\eclipse\jee-2023-12\hibernate2 -Dstyle.color=always -U archetype:generate
2024-01-13 13:07:50,327 [Worker-42: Creating maven-archetype-quickstart] INFO  o.e.m.c.i.p.ProjectConfigurationManager - Collecting project info '/pom.xml' C:\Users\DCP\eclipse\jee-2023-12\hibernate2\hibernate\pom.xml
2024-01-13 13:07:52,865 [Worker-42: Creating maven-archetype-quickstart] INFO  o.e.m.c.i.l.LifecycleMappingFactory - Using org.eclipse.m2e.jdt.JarLifecycleMapping lifecycle mapping for MavenProject: hibernate:hibernate:0.0.1-SNAPSHOT @ C:\Users\DCP\eclipse\jee-2023-12\hibernate2\hibernate\pom.xml.
2024-01-13 13:07:53,419 [Worker-42: Creating maven-archetype-quickstart] INFO  o.e.m.j.i.AbstractJavaProjectConfigurator - Adding source folder /hibernate/src/main/java
2024-01-13 13:07:53,419 [Worker-42: Creating maven-archetype-quickstart] INFO  o.e.m.j.i.AbstractJavaProjectConfigurator - Adding resource folder /hibernate/src/main/resources
2024-01-13 13:07:53,428 [Worker-42: Creating maven-archetype-quickstart] INFO  o.e.m.j.i.AbstractJavaProjectConfigurator - Adding source folder /hibernate/src/test/java
2024-01-13 13:07:53,429 [Worker-42: Creating maven-archetype-quickstart] INFO  o.e.m.j.i.AbstractJavaProjectConfigurator - Adding resource folder /hibernate/src/test/resources
2024-01-13 13:07:53,744 [Worker-42: Creating maven-archetype-quickstart] INFO  o.e.m.c.i.p.ProjectConfigurationManager - Imported and configured 1 project(s) in 3 sec
2024-01-13 13:07:54,712 [Worker-41: Building] INFO  o.a.m.s.f.DefaultMavenResourcesFiltering - skip non existing resourceDirectory C:\Users\DCP\eclipse\jee-2023-12\hibernate2\hibernate\src\main\resources
2024-01-13 13:07:54,716 [Worker-41: Building] INFO  o.a.m.s.f.DefaultMavenResourcesFiltering - skip non existing resourceDirectory C:\Users\DCP\eclipse\jee-2023-12\hibernate2\hibernate\src\test\resources
2024-01-13 13:42:07,417 [Worker-66: Building] INFO  o.a.m.s.f.DefaultMavenResourcesFiltering - Copying 0 resource from src\main\resources to target\classes
2024-01-13 13:42:07,420 [Worker-66: Building] INFO  o.a.m.s.f.DefaultMavenResourcesFiltering - Copying 0 resource from src\test\resources to target\test-classes
2024-01-13 13:48:24,675 [main] INFO  org.hibernate.cfg.Environment - Hibernate 3.5.6-Final
2024-01-13 13:48:24,678 [main] INFO  org.hibernate.cfg.Environment - hibernate.properties not found
2024-01-13 13:48:24,681 [main] INFO  org.hibernate.cfg.Environment - Bytecode provider name : javassist
2024-01-13 13:48:24,685 [main] INFO  org.hibernate.cfg.Environment - using JDK 1.4 java.sql.Timestamp handling
2024-01-13 14:34:18,996 [Worker-82: Building] INFO  o.a.m.s.f.DefaultMavenResourcesFiltering - Copying 0 resource from src\main\resources to target\classes
2024-01-13 14:34:18,999 [Worker-82: Building] INFO  o.a.m.s.f.DefaultMavenResourcesFiltering - Copying 0 resource from src\test\resources to target\test-classes
2024-01-13 14:51:19,806 [Worker-86: Building] INFO  o.a.m.s.f.DefaultMavenResourcesFiltering - Copying 0 resource from src\main\resources to target\classes
2024-01-13 14:51:19,808 [Worker-86: Building] INFO  o.a.m.s.f.DefaultMavenResourcesFiltering - Copying 0 resource from src\test\resources to target\test-classes
2024-01-13 15:17:59,125 [Worker-99: Building] INFO  o.a.m.s.f.DefaultMavenResourcesFiltering - Copying 0 resource from src\main\resources to target\classes
2024-01-13 15:17:59,127 [Worker-99: Building] INFO  o.a.m.s.f.DefaultMavenResourcesFiltering - Copying 0 resource from src\test\resources to target\test-classes
2024-01-13 15:18:25,167 [Worker-99: Building] INFO  o.a.m.s.f.DefaultMavenResourcesFiltering - Copying 0 resource from src\main\resources to target\classes
2024-01-13 15:18:25,170 [Worker-99: Building] INFO  o.a.m.s.f.DefaultMavenResourcesFiltering - Copying 0 resource from src\test\resources to target\test-classes
2024-01-13 15:19:20,533 [Worker-99: Building] INFO  o.a.m.s.f.DefaultMavenResourcesFiltering - Copying 0 resource from src\main\resources to target\classes
2024-01-13 15:19:20,535 [Worker-99: Building] INFO  o.a.m.s.f.DefaultMavenResourcesFiltering - Copying 0 resource from src\test\resources to target\test-classes
2024-01-13 15:19:27,142 [Worker-105: Building] INFO  o.a.m.s.f.DefaultMavenResourcesFiltering - Copying 0 resource from src\main\resources to target\classes
2024-01-13 15:19:27,145 [Worker-105: Building] INFO  o.a.m.s.f.DefaultMavenResourcesFiltering - Copying 0 resource from src\test\resources to target\test-classes
2024-01-13 15:21:26,721 [Worker-105: Building] INFO  o.a.m.s.f.DefaultMavenResourcesFiltering - Copying 0 resource from src\main\resources to target\classes
2024-01-13 15:21:26,724 [Worker-105: Building] INFO  o.a.m.s.f.DefaultMavenResourcesFiltering - Copying 0 resource from src\test\resources to target\test-classes
2024-01-13 15:39:33,034 [Worker-111: Building] INFO  o.a.m.s.f.DefaultMavenResourcesFiltering - Copying 0 resource from src\main\resources to target\classes
2024-01-13 15:39:33,037 [Worker-111: Building] INFO  o.a.m.s.f.DefaultMavenResourcesFiltering - Copying 0 resource from src\test\resources to target\test-classes
2024-01-13 15:40:00,678 [Worker-111: Building] INFO  o.a.m.s.f.DefaultMavenResourcesFiltering - Copying 0 resource from src\main\resources to target\classes
2024-01-13 15:40:00,680 [Worker-111: Building] INFO  o.a.m.s.f.DefaultMavenResourcesFiltering - Copying 0 resource from src\test\resources to target\test-classes
2024-01-13 15:40:06,905 [Worker-113: Building] INFO  o.a.m.s.f.DefaultMavenResourcesFiltering - Copying 0 resource from src\main\resources to target\classes
2024-01-13 15:40:06,906 [Worker-113: Building] INFO  o.a.m.s.f.DefaultMavenResourcesFiltering - Copying 0 resource from src\test\resources to target\test-classes
2024-01-13 15:40:26,765 [Worker-113: Building] INFO  o.a.m.s.f.DefaultMavenResourcesFiltering - Copying 0 resource from src\main\resources to target\classes
2024-01-13 15:40:26,767 [Worker-113: Building] INFO  o.a.m.s.f.DefaultMavenResourcesFiltering - Copying 0 resource from src\test\resources to target\test-classes
2024-01-13 15:41:12,031 [Worker-111: Building] INFO  o.a.m.s.f.DefaultMavenResourcesFiltering - Copying 0 resource from src\main\resources to target\classes
2024-01-13 15:41:12,033 [Worker-111: Building] INFO  o.a.m.s.f.DefaultMavenResourcesFiltering - Copying 0 resource from src\test\resources to target\test-classes
2024-01-13 15:41:20,575 [Worker-115: Building] INFO  o.a.m.s.f.DefaultMavenResourcesFiltering - Copying 0 resource from src\main\resources to target\classes
2024-01-13 15:41:20,577 [Worker-115: Building] INFO  o.a.m.s.f.DefaultMavenResourcesFiltering - Copying 0 resource from src\test\resources to target\test-classes
2024-01-13 15:41:40,313 [Worker-113: Building] INFO  o.a.m.s.f.DefaultMavenResourcesFiltering - Copying 0 resource from src\main\resources to target\classes
2024-01-13 15:41:40,315 [Worker-113: Building] INFO  o.a.m.s.f.DefaultMavenResourcesFiltering - Copying 0 resource from src\test\resources to target\test-classes
2024-01-13 15:41:41,327 [Worker-117: Building] INFO  o.a.m.s.f.DefaultMavenResourcesFiltering - Copying 0 resource from src\main\resources to target\classes
2024-01-13 15:41:41,329 [Worker-117: Building] INFO  o.a.m.s.f.DefaultMavenResourcesFiltering - Copying 0 resource from src\test\resources to target\test-classes
2024-01-13 15:41:45,394 [Worker-113: Building] INFO  o.a.m.s.f.DefaultMavenResourcesFiltering - Copying 0 resource from src\main\resources to target\classes
2024-01-13 15:41:45,396 [Worker-113: Building] INFO  o.a.m.s.f.DefaultMavenResourcesFiltering - Copying 0 resource from src\test\resources to target\test-classes
2024-01-13 15:42:04,879 [Worker-116: Building] INFO  o.a.m.s.f.DefaultMavenResourcesFiltering - Copying 0 resource from src\main\resources to target\classes
2024-01-13 15:42:04,881 [Worker-116: Building] INFO  o.a.m.s.f.DefaultMavenResourcesFiltering - Copying 0 resource from src\test\resources to target\test-classes
2024-01-13 15:42:35,006 [Worker-116: Building] INFO  o.a.m.s.f.DefaultMavenResourcesFiltering - Copying 0 resource from src\main\resources to target\classes
2024-01-13 15:42:35,008 [Worker-116: Building] INFO  o.a.m.s.f.DefaultMavenResourcesFiltering - Copying 0 resource from src\test\resources to target\test-classes
2024-01-13 15:44:25,995 [Worker-113: Building] INFO  o.a.m.s.f.DefaultMavenResourcesFiltering - Copying 0 resource from src\main\resources to target\classes
2024-01-13 15:44:25,996 [Worker-113: Building] INFO  o.a.m.s.f.DefaultMavenResourcesFiltering - Copying 0 resource from src\test\resources to target\test-classes
2024-01-13 15:53:49,328 [Worker-119: Building] INFO  o.a.m.s.f.DefaultMavenResourcesFiltering - Copying 0 resource from src\main\resources to target\classes
2024-01-13 15:53:49,330 [Worker-119: Building] INFO  o.a.m.s.f.DefaultMavenResourcesFiltering - Copying 0 resource from src\test\resources to target\test-classes
2024-01-13 16:20:36,539 [Worker-131: Updating Maven Project] INFO  o.e.m.c.i.p.ProjectConfigurationManager - Update started
2024-01-13 16:20:36,771 [Worker-131: Updating Maven Project] INFO  o.e.m.c.i.l.LifecycleMappingFactory - Using org.eclipse.m2e.jdt.JarLifecycleMapping lifecycle mapping for MavenProject: hibernate:hibernate:0.0.1-SNAPSHOT @ C:\Users\DCP\eclipse\jee-2023-12\hibernate2\hibernate\pom.xml.
2024-01-13 16:20:36,927 [Worker-131: Updating Maven Project] INFO  o.e.m.j.i.AbstractJavaProjectConfigurator - Adding source folder /hibernate/src/main/java
2024-01-13 16:20:36,927 [Worker-131: Updating Maven Project] INFO  o.e.m.j.i.AbstractJavaProjectConfigurator - Adding resource folder /hibernate/src/main/resources
2024-01-13 16:20:36,930 [Worker-131: Updating Maven Project] INFO  o.e.m.j.i.AbstractJavaProjectConfigurator - Adding source folder /hibernate/src/test/java
2024-01-13 16:20:36,930 [Worker-131: Updating Maven Project] INFO  o.e.m.j.i.AbstractJavaProjectConfigurator - Adding resource folder /hibernate/src/test/resources
2024-01-13 16:20:37,085 [Worker-131: Updating Maven Project] INFO  o.e.m.c.i.p.ProjectConfigurationManager - Update completed for 1 poms: local refresh takes 0,00 sec, refresh facades takes 0,00 sec, update config takes 0,00 sec 
2024-01-13 16:20:37,284 [Worker-133: Building] INFO  o.a.m.s.f.DefaultMavenResourcesFiltering - Copying 0 resource from src\main\resources to target\classes
2024-01-13 16:20:37,288 [Worker-133: Building] INFO  o.a.m.s.f.DefaultMavenResourcesFiltering - Copying 0 resource from src\test\resources to target\test-classes
2024-01-13 16:25:21,803 [Worker-136: Building] INFO  o.a.m.s.f.DefaultMavenResourcesFiltering - Copying 0 resource from src\main\resources to target\classes
2024-01-13 16:25:21,807 [Worker-136: Building] INFO  o.a.m.s.f.DefaultMavenResourcesFiltering - Copying 0 resource from src\test\resources to target\test-classes
2024-01-13 16:28:10,643 [Worker-124: Download sources and javadoc] INFO  o.e.m.j.internal.DownloadSourcesJob - Downloaded sources for junit:junit:3.8.1
2024-01-13 16:28:21,812 [Worker-136: Updating Maven Project] INFO  o.e.m.c.i.p.ProjectConfigurationManager - Update started
2024-01-13 16:28:21,958 [Worker-136: Updating Maven Project] INFO  o.e.m.c.i.l.LifecycleMappingFactory - Using org.eclipse.m2e.jdt.JarLifecycleMapping lifecycle mapping for MavenProject: hibernate:hibernate:0.0.1-SNAPSHOT @ C:\Users\DCP\eclipse\jee-2023-12\hibernate2\hibernate\pom.xml.
2024-01-13 16:28:22,050 [Worker-136: Updating Maven Project] INFO  o.e.m.j.i.AbstractJavaProjectConfigurator - Adding source folder /hibernate/src/main/java
2024-01-13 16:28:22,050 [Worker-136: Updating Maven Project] INFO  o.e.m.j.i.AbstractJavaProjectConfigurator - Adding resource folder /hibernate/src/main/resources
2024-01-13 16:28:22,050 [Worker-136: Updating Maven Project] INFO  o.e.m.j.i.AbstractJavaProjectConfigurator - Adding source folder /hibernate/src/test/java
2024-01-13 16:28:22,050 [Worker-136: Updating Maven Project] INFO  o.e.m.j.i.AbstractJavaProjectConfigurator - Adding resource folder /hibernate/src/test/resources
2024-01-13 16:28:22,188 [Worker-136: Updating Maven Project] INFO  o.e.m.c.i.p.ProjectConfigurationManager - Update completed for 1 poms: local refresh takes 0,00 sec, refresh facades takes 0,00 sec, update config takes 0,00 sec 
2024-01-13 16:28:22,353 [Worker-124: Building] INFO  o.a.m.s.f.DefaultMavenResourcesFiltering - Copying 0 resource from src\main\resources to target\classes
2024-01-13 16:28:22,356 [Worker-124: Building] INFO  o.a.m.s.f.DefaultMavenResourcesFiltering - Copying 0 resource from src\test\resources to target\test-classes
2024-01-13 16:30:06,221 [Worker-133: Updating Maven Project] INFO  o.e.m.c.i.p.ProjectConfigurationManager - Update started
2024-01-13 16:30:06,353 [Worker-133: Updating Maven Project] INFO  o.e.m.c.i.l.LifecycleMappingFactory - Using org.eclipse.m2e.jdt.JarLifecycleMapping lifecycle mapping for MavenProject: hibernate:hibernate:0.0.1-SNAPSHOT @ C:\Users\DCP\eclipse\jee-2023-12\hibernate2\hibernate\pom.xml.
2024-01-13 16:30:06,452 [Worker-133: Updating Maven Project] INFO  o.e.m.j.i.AbstractJavaProjectConfigurator - Adding source folder /hibernate/src/main/java
2024-01-13 16:30:06,452 [Worker-133: Updating Maven Project] INFO  o.e.m.j.i.AbstractJavaProjectConfigurator - Adding resource folder /hibernate/src/main/resources
2024-01-13 16:30:06,452 [Worker-133: Updating Maven Project] INFO  o.e.m.j.i.AbstractJavaProjectConfigurator - Adding source folder /hibernate/src/test/java
2024-01-13 16:30:06,452 [Worker-133: Updating Maven Project] INFO  o.e.m.j.i.AbstractJavaProjectConfigurator - Adding resource folder /hibernate/src/test/resources
2024-01-13 16:30:06,543 [Worker-133: Updating Maven Project] INFO  o.e.m.c.i.p.ProjectConfigurationManager - Update completed for 1 poms: local refresh takes 0,00 sec, refresh facades takes 0,00 sec, update config takes 0,00 sec 
2024-01-13 16:30:06,717 [Worker-133: Building] INFO  o.a.m.s.f.DefaultMavenResourcesFiltering - Copying 0 resource from src\main\resources to target\classes
2024-01-13 16:30:06,719 [Worker-133: Building] INFO  o.a.m.s.f.DefaultMavenResourcesFiltering - Copying 0 resource from src\test\resources to target\test-classes
2024-01-13 16:30:50,923 [Worker-133: Building] INFO  o.e.m.c.i.l.LifecycleMappingFactory - Using org.eclipse.m2e.jdt.JarLifecycleMapping lifecycle mapping for MavenProject: hibernate:hibernate:0.0.1-SNAPSHOT @ C:\Users\DCP\eclipse\jee-2023-12\hibernate2\hibernate\pom.xml.
2024-01-13 16:30:51,119 [Worker-133: Building] INFO  o.a.m.s.f.DefaultMavenResourcesFiltering - Copying 0 resource from src\main\resources to target\classes
2024-01-13 16:30:51,123 [Worker-133: Building] INFO  o.a.m.s.f.DefaultMavenResourcesFiltering - Copying 0 resource from src\test\resources to target\test-classes
2024-01-13 16:31:05,015 [Worker-138: Updating Maven Project] INFO  o.e.m.c.i.p.ProjectConfigurationManager - Update started
2024-01-13 16:31:05,142 [Worker-138: Updating Maven Project] INFO  o.e.m.c.i.l.LifecycleMappingFactory - Using org.eclipse.m2e.jdt.JarLifecycleMapping lifecycle mapping for MavenProject: hibernate:hibernate:0.0.1-SNAPSHOT @ C:\Users\DCP\eclipse\jee-2023-12\hibernate2\hibernate\pom.xml.
2024-01-13 16:31:05,489 [Worker-138: Updating Maven Project] INFO  o.e.m.j.i.AbstractJavaProjectConfigurator - Adding source folder /hibernate/src/main/java
2024-01-13 16:31:05,489 [Worker-138: Updating Maven Project] INFO  o.e.m.j.i.AbstractJavaProjectConfigurator - Adding resource folder /hibernate/src/main/resources
2024-01-13 16:31:05,489 [Worker-138: Updating Maven Project] INFO  o.e.m.j.i.AbstractJavaProjectConfigurator - Adding source folder /hibernate/src/test/java
2024-01-13 16:31:05,489 [Worker-138: Updating Maven Project] INFO  o.e.m.j.i.AbstractJavaProjectConfigurator - Adding resource folder /hibernate/src/test/resources
2024-01-13 16:31:05,643 [Worker-138: Updating Maven Project] INFO  o.e.m.c.i.p.ProjectConfigurationManager - Update completed for 1 poms: local refresh takes 0,00 sec, refresh facades takes 0,00 sec, update config takes 0,00 sec 
2024-01-13 16:31:05,842 [Worker-137: Building] INFO  o.a.m.s.f.DefaultMavenResourcesFiltering - Copying 0 resource from src\main\resources to target\classes
2024-01-13 16:31:05,845 [Worker-137: Building] INFO  o.a.m.s.f.DefaultMavenResourcesFiltering - Copying 0 resource from src\test\resources to target\test-classes
2024-01-13 16:45:34,314 [Worker-141: Building] INFO  o.a.m.s.f.DefaultMavenResourcesFiltering - Copying 0 resource from src\main\resources to target\classes
2024-01-13 16:45:34,316 [Worker-141: Building] INFO  o.a.m.s.f.DefaultMavenResourcesFiltering - Copying 0 resource from src\test\resources to target\test-classes
2024-01-13 16:52:59,893 [Worker-148: Launching UseHibernateEnterprise] INFO  o.a.m.s.f.DefaultMavenResourcesFiltering - Copying 0 resource from src\main\resources to target\classes
2024-01-13 16:52:59,897 [Worker-148: Launching UseHibernateEnterprise] INFO  o.a.m.s.f.DefaultMavenResourcesFiltering - Copying 0 resource from src\test\resources to target\test-classes
2024-01-13 16:53:24,714 [Worker-145: Building] INFO  o.a.m.s.f.DefaultMavenResourcesFiltering - Copying 0 resource from src\main\resources to target\classes
2024-01-13 16:53:24,715 [Worker-145: Building] INFO  o.a.m.s.f.DefaultMavenResourcesFiltering - Copying 0 resource from src\test\resources to target\test-classes
2024-01-13 16:53:31,873 [Worker-149: Building] INFO  o.a.m.s.f.DefaultMavenResourcesFiltering - Copying 0 resource from src\main\resources to target\classes
2024-01-13 16:53:31,874 [Worker-149: Building] INFO  o.a.m.s.f.DefaultMavenResourcesFiltering - Copying 0 resource from src\test\resources to target\test-classes
2024-01-13 16:55:39,517 [Worker-147: Building] INFO  o.a.m.s.f.DefaultMavenResourcesFiltering - Copying 0 resource from src\main\resources to target\classes
2024-01-13 16:55:39,518 [Worker-147: Building] INFO  o.a.m.s.f.DefaultMavenResourcesFiltering - Copying 0 resource from src\test\resources to target\test-classes
2024-01-13 16:56:46,902 [Worker-147: Building] INFO  o.a.m.s.f.DefaultMavenResourcesFiltering - Copying 0 resource from src\main\resources to target\classes
2024-01-13 16:56:46,904 [Worker-147: Building] INFO  o.a.m.s.f.DefaultMavenResourcesFiltering - Copying 0 resource from src\test\resources to target\test-classes
2024-01-13 16:56:50,814 [Worker-151: Building] INFO  o.a.m.s.f.DefaultMavenResourcesFiltering - Copying 0 resource from src\main\resources to target\classes
2024-01-13 16:56:50,817 [Worker-151: Building] INFO  o.a.m.s.f.DefaultMavenResourcesFiltering - Copying 0 resource from src\test\resources to target\test-classes
2024-01-13 16:58:17,137 [Worker-153: Building] INFO  o.a.m.s.f.DefaultMavenResourcesFiltering - Copying 0 resource from src\main\resources to target\classes
2024-01-13 16:58:17,138 [Worker-153: Building] INFO  o.a.m.s.f.DefaultMavenResourcesFiltering - Copying 0 resource from src\test\resources to target\test-classes
2024-01-13 16:58:18,219 [Worker-147: Building] INFO  o.a.m.s.f.DefaultMavenResourcesFiltering - Copying 0 resource from src\main\resources to target\classes
2024-01-13 16:58:18,221 [Worker-147: Building] INFO  o.a.m.s.f.DefaultMavenResourcesFiltering - Copying 0 resource from src\test\resources to target\test-classes
2024-01-13 17:45:45,964 [Worker-5: Loading available Gradle versions] INFO  o.e.b.c.i.u.g.PublishedGradleVersions - Gradle version information cache is out-of-date. Trying to update.
2024-01-13 17:54:40,160 [Worker-1: Loading available Gradle versions] INFO  o.e.b.c.i.u.g.PublishedGradleVersions - Gradle version information cache is up-to-date. Trying to read.
2024-01-13 18:00:34,374 [Worker-5: Loading available Gradle versions] INFO  o.e.b.c.i.u.g.PublishedGradleVersions - Gradle version information cache is up-to-date. Trying to read.
2024-01-13 18:00:38,707 [Worker-0: Building] INFO  o.a.m.s.f.DefaultMavenResourcesFiltering - Copying 0 resource from src\main\resources to target\classes
2024-01-13 18:00:38,716 [Worker-0: Building] INFO  o.a.m.s.f.DefaultMavenResourcesFiltering - Copying 0 resource from src\test\resources to target\test-classes
2024-01-13 18:06:10,088 [Worker-35: Updating Maven Project] INFO  o.e.m.c.i.p.ProjectConfigurationManager - Update started
2024-01-13 18:06:10,598 [Worker-35: Updating Maven Project] INFO  o.e.m.c.i.l.LifecycleMappingFactory - Using org.eclipse.m2e.jdt.JarLifecycleMapping lifecycle mapping for MavenProject: hibernate:hibernate:0.0.1-SNAPSHOT @ C:\Users\DCP\Desktop\hibernate2\hibernate\pom.xml.
2024-01-13 18:06:10,767 [Worker-35: Updating Maven Project] INFO  o.e.m.j.i.AbstractJavaProjectConfigurator - Adding source folder /hibernate/src/main/java
2024-01-13 18:06:10,767 [Worker-35: Updating Maven Project] INFO  o.e.m.j.i.AbstractJavaProjectConfigurator - Adding resource folder /hibernate/src/main/resources
2024-01-13 18:06:10,768 [Worker-35: Updating Maven Project] INFO  o.e.m.j.i.AbstractJavaProjectConfigurator - Adding source folder /hibernate/src/test/java
2024-01-13 18:06:10,769 [Worker-35: Updating Maven Project] INFO  o.e.m.j.i.AbstractJavaProjectConfigurator - Adding resource folder /hibernate/src/test/resources
2024-01-13 18:06:11,031 [Worker-35: Updating Maven Project] INFO  o.e.m.c.i.p.ProjectConfigurationManager - Update completed for 1 poms: local refresh takes 0,00 sec, refresh facades takes 0,00 sec, update config takes 0,00 sec 
2024-01-13 18:06:11,360 [Worker-35: Building] INFO  o.a.m.s.f.DefaultMavenResourcesFiltering - Copying 0 resource from src\main\resources to target\classes
2024-01-13 18:06:11,362 [Worker-35: Building] INFO  o.a.m.s.f.DefaultMavenResourcesFiltering - Copying 0 resource from src\test\resources to target\test-classes
2024-01-13 18:07:07,038 [Worker-1: Loading available Gradle versions] INFO  o.e.b.c.i.u.g.PublishedGradleVersions - Gradle version information cache is up-to-date. Trying to read.
2024-01-13 18:07:44,940 [Worker-29: Updating Maven Project] INFO  o.e.m.c.i.p.ProjectConfigurationManager - Update started
2024-01-13 18:07:45,487 [Worker-29: Updating Maven Project] INFO  o.e.m.c.i.l.LifecycleMappingFactory - Using org.eclipse.m2e.jdt.JarLifecycleMapping lifecycle mapping for MavenProject: hibernate:hibernate:0.0.1-SNAPSHOT @ C:\Users\DCP\Desktop\hibernate\hibernate\pom.xml.
2024-01-13 18:07:45,703 [Worker-29: Updating Maven Project] INFO  o.e.m.j.i.AbstractJavaProjectConfigurator - Adding source folder /hibernate/src/main/java
2024-01-13 18:07:45,705 [Worker-29: Updating Maven Project] INFO  o.e.m.j.i.AbstractJavaProjectConfigurator - Adding resource folder /hibernate/src/main/resources
2024-01-13 18:07:45,706 [Worker-29: Updating Maven Project] INFO  o.e.m.j.i.AbstractJavaProjectConfigurator - Adding source folder /hibernate/src/test/java
2024-01-13 18:07:45,706 [Worker-29: Updating Maven Project] INFO  o.e.m.j.i.AbstractJavaProjectConfigurator - Adding resource folder /hibernate/src/test/resources
2024-01-13 18:07:45,925 [Worker-29: Updating Maven Project] INFO  o.e.m.c.i.p.ProjectConfigurationManager - Update completed for 1 poms: local refresh takes 0,00 sec, refresh facades takes 0,00 sec, update config takes 0,00 sec 
2024-01-13 18:07:46,099 [Worker-22: Building] INFO  o.a.m.s.f.DefaultMavenResourcesFiltering - Copying 0 resource from src\main\resources to target\classes
2024-01-13 18:07:46,104 [Worker-22: Building] INFO  o.a.m.s.f.DefaultMavenResourcesFiltering - Copying 0 resource from src\test\resources to target\test-classes
2024-01-13 18:08:58,903 [Worker-19: Updating Maven Project] INFO  o.e.m.c.i.p.ProjectConfigurationManager - Update started
2024-01-13 18:08:59,080 [Worker-19: Updating Maven Project] INFO  o.e.m.c.i.l.LifecycleMappingFactory - Using org.eclipse.m2e.jdt.JarLifecycleMapping lifecycle mapping for MavenProject: hibernate:hibernate:0.0.1-SNAPSHOT @ C:\Users\DCP\Desktop\hibernate\hibernate\pom.xml.
2024-01-13 18:08:59,310 [Worker-19: Updating Maven Project] INFO  o.e.m.j.i.AbstractJavaProjectConfigurator - Adding source folder /hibernate/src/main/java
2024-01-13 18:08:59,310 [Worker-19: Updating Maven Project] INFO  o.e.m.j.i.AbstractJavaProjectConfigurator - Adding resource folder /hibernate/src/main/resources
2024-01-13 18:08:59,310 [Worker-19: Updating Maven Project] INFO  o.e.m.j.i.AbstractJavaProjectConfigurator - Adding source folder /hibernate/src/test/java
2024-01-13 18:08:59,310 [Worker-19: Updating Maven Project] INFO  o.e.m.j.i.AbstractJavaProjectConfigurator - Adding resource folder /hibernate/src/test/resources
2024-01-13 18:08:59,475 [Worker-19: Updating Maven Project] INFO  o.e.m.c.i.p.ProjectConfigurationManager - Update completed for 1 poms: local refresh takes 0,00 sec, refresh facades takes 0,00 sec, update config takes 0,00 sec 
2024-01-13 18:08:59,754 [Worker-27: Building] INFO  o.a.m.s.f.DefaultMavenResourcesFiltering - Copying 0 resource from src\main\resources to target\classes
2024-01-13 18:08:59,758 [Worker-27: Building] INFO  o.a.m.s.f.DefaultMavenResourcesFiltering - Copying 0 resource from src\test\resources to target\test-classes
2024-01-13 18:10:42,060 [Worker-7: Loading available Gradle versions] INFO  o.e.b.c.i.u.g.PublishedGradleVersions - Gradle version information cache is up-to-date. Trying to read.
2024-01-13 18:25:23,483 [Worker-5: Loading available Gradle versions] INFO  o.e.b.c.i.u.g.PublishedGradleVersions - Gradle version information cache is up-to-date. Trying to read.
2024-01-13 18:25:27,498 [Worker-6: Building] INFO  o.a.m.s.f.DefaultMavenResourcesFiltering - Copying 0 resource from src\main\resources to target\classes
2024-01-13 18:25:27,508 [Worker-6: Building] INFO  o.a.m.s.f.DefaultMavenResourcesFiltering - Copying 0 resource from src\test\resources to target\test-classes
2024-01-13 18:26:14,773 [Worker-11: Updating Maven Project] INFO  o.e.m.c.i.p.ProjectConfigurationManager - Update started
2024-01-13 18:26:15,228 [Worker-11: Updating Maven Project] INFO  o.e.m.c.i.l.LifecycleMappingFactory - Using org.eclipse.m2e.jdt.JarLifecycleMapping lifecycle mapping for MavenProject: hibernate:hibernate:0.0.1-SNAPSHOT @ C:\Users\DCP\Documents\GitHub\Eclipse_EE_Hibernate\hibernate\hibernate\pom.xml.
2024-01-13 18:26:15,500 [Worker-11: Updating Maven Project] INFO  o.e.m.j.i.AbstractJavaProjectConfigurator - Adding source folder /hibernate/src/main/java
2024-01-13 18:26:15,500 [Worker-11: Updating Maven Project] INFO  o.e.m.j.i.AbstractJavaProjectConfigurator - Adding resource folder /hibernate/src/main/resources
2024-01-13 18:26:15,501 [Worker-11: Updating Maven Project] INFO  o.e.m.j.i.AbstractJavaProjectConfigurator - Adding source folder /hibernate/src/test/java
2024-01-13 18:26:15,502 [Worker-11: Updating Maven Project] INFO  o.e.m.j.i.AbstractJavaProjectConfigurator - Adding resource folder /hibernate/src/test/resources
2024-01-13 18:26:15,783 [Worker-11: Updating Maven Project] INFO  o.e.m.c.i.p.ProjectConfigurationManager - Update completed for 1 poms: local refresh takes 0,00 sec, refresh facades takes 0,00 sec, update config takes 0,00 sec 
2024-01-13 18:26:16,012 [Worker-5: Building] INFO  o.a.m.s.f.DefaultMavenResourcesFiltering - Copying 0 resource from src\main\resources to target\classes
2024-01-13 18:26:16,014 [Worker-5: Building] INFO  o.a.m.s.f.DefaultMavenResourcesFiltering - Copying 0 resource from src\test\resources to target\test-classes
